,number,value,datetime_start,datetime_complete,duration,params_add_bn,params_batch_sizes,params_hidden_dim,params_learning_rates,params_noise_dim,params_num_layer,params_resblock,state
299,299,0.20684541761875153,2026-06-16 14:09:01.346886,2026-06-16 14:11:12.214509,0 days 00:02:10.867623,False,512,50,0.001,1000,12,True,COMPLETE
300,300,0.20787006616592407,2026-06-16 14:11:12.215024,2026-06-16 14:13:22.921968,0 days 00:02:10.706944,False,512,50,0.001,1000,12,True,COMPLETE
301,301,0.2088109403848648,2026-06-16 14:13:22.922965,2026-06-16 14:14:01.289114,0 days 00:00:38.366149,False,512,50,0.001,100,10,True,COMPLETE
302,302,0.20805402100086212,2026-06-16 14:14:01.290130,2026-06-16 14:16:18.457810,0 days 00:02:17.167680,False,512,50,0.001,1000,12,True,COMPLETE
303,303,0.2079806923866272,2026-06-16 14:16:18.458816,2026-06-16 14:19:22.759466,0 days 00:03:04.300650,False,512,100,0.001,1000,14,True,COMPLETE
304,304,0.2086411416530609,2026-06-16 14:19:22.759466,2026-06-16 14:21:41.500350,0 days 00:02:18.740884,True,512,50,0.001,1000,12,True,COMPLETE
305,305,0.2075943946838379,2026-06-16 14:21:41.501347,2026-06-16 14:23:19.539846,0 days 00:01:38.038499,False,512,50,0.001,1000,8,True,COMPLETE
306,306,0.20740953087806702,2026-06-16 14:23:19.540843,2026-06-16 14:25:35.025330,0 days 00:02:15.484487,False,512,50,0.001,1000,12,True,COMPLETE
307,307,0.20859205722808838,2026-06-16 14:25:35.026394,2026-06-16 14:26:39.667794,0 days 00:01:04.641400,False,512,50,0.001,1000,4,True,COMPLETE
308,308,0.20812827348709106,2026-06-16 14:26:39.667794,2026-06-16 14:28:54.182037,0 days 00:02:14.514243,False,512,50,0.001,1000,12,True,COMPLETE
309,309,0.20726066827774048,2026-06-16 14:28:54.182037,2026-06-16 14:31:07.662802,0 days 00:02:13.480765,False,512,50,0.001,1000,12,True,COMPLETE
310,310,0.20761436223983765,2026-06-16 14:31:07.662802,2026-06-16 14:33:06.019587,0 days 00:01:58.356785,False,512,50,0.001,1000,12,True,COMPLETE
311,311,0.21127581596374512,2026-06-16 14:33:06.019587,2026-06-16 14:39:06.419466,0 days 00:06:00.399879,False,512,500,0.001,1000,12,True,COMPLETE
312,312,0.20772740244865417,2026-06-16 14:39:06.421009,2026-06-16 14:41:23.036773,0 days 00:02:16.615764,False,512,50,0.001,1000,14,True,COMPLETE
313,313,0.2076495885848999,2026-06-16 14:41:23.037794,2026-06-16 14:42:34.658464,0 days 00:01:11.620670,False,512,50,0.001,500,12,True,COMPLETE
314,314,0.2061198502779007,2026-06-16 14:42:34.658464,2026-06-16 14:44:47.633496,0 days 00:02:12.975032,False,512,50,0.001,1000,12,True,COMPLETE
315,315,0.21181893348693848,2026-06-16 14:44:47.633496,2026-06-16 14:54:15.454050,0 days 00:09:27.820554,False,512,1000,0.001,1000,12,False,COMPLETE
316,316,0.20714744925498962,2026-06-16 14:54:15.454050,2026-06-16 14:56:22.175082,0 days 00:02:06.721032,False,512,50,0.001,1000,12,True,COMPLETE
317,317,0.20718246698379517,2026-06-16 14:56:22.176079,2026-06-16 14:57:47.633082,0 days 00:01:25.457003,False,512,50,0.001,1000,12,True,COMPLETE
318,318,0.23959776759147644,2026-06-16 14:57:47.634078,2026-06-16 14:58:19.386948,0 days 00:00:31.752870,False,512,50,0.001,250,2,True,COMPLETE
319,319,0.20774370431900024,2026-06-16 14:58:19.387973,2026-06-16 15:00:05.644079,0 days 00:01:46.256106,False,512,50,0.001,1000,14,True,COMPLETE
320,320,0.2091415524482727,2026-06-16 15:00:05.645082,2026-06-16 15:00:32.494017,0 days 00:00:26.848935,False,512,50,0.001,50,12,True,COMPLETE
321,321,0.20699526369571686,2026-06-16 15:00:32.494017,2026-06-16 15:02:20.379045,0 days 00:01:47.885028,False,512,50,0.001,1000,12,True,COMPLETE
322,322,0.20996734499931335,2026-06-16 15:02:20.380142,2026-06-16 15:05:36.476309,0 days 00:03:16.096167,False,512,250,0.001,1000,12,True,COMPLETE
323,323,0.20957018435001373,2026-06-16 15:05:36.477406,2026-06-16 15:06:42.970652,0 days 00:01:06.493246,True,512,50,0.001,1000,6,True,COMPLETE
324,324,0.20698732137680054,2026-06-16 15:06:42.970652,2026-06-16 15:08:25.053214,0 days 00:01:42.082562,False,512,50,0.001,1000,12,True,COMPLETE
325,325,0.2075890749692917,2026-06-16 15:08:25.054403,2026-06-16 15:10:11.014507,0 days 00:01:45.960104,False,512,50,0.001,1000,12,True,COMPLETE
326,326,0.2079552412033081,2026-06-16 15:10:11.014507,2026-06-16 15:11:56.778577,0 days 00:01:45.764070,False,512,50,0.001,1000,12,True,COMPLETE
327,327,0.20991748571395874,2026-06-16 15:11:56.779082,2026-06-16 15:12:30.943906,0 days 00:00:34.164824,False,512,50,0.001,100,14,True,COMPLETE
328,328,0.20765291154384613,2026-06-16 15:12:30.943906,2026-06-16 15:14:15.846798,0 days 00:01:44.902892,False,512,50,0.001,1000,12,True,COMPLETE
329,329,0.20806553959846497,2026-06-16 15:14:15.847808,2026-06-16 15:16:22.032909,0 days 00:02:06.185101,False,512,100,0.001,1000,12,True,COMPLETE
330,330,0.20710645616054535,2026-06-16 15:16:22.032909,2026-06-16 15:18:10.569087,0 days 00:01:48.536178,False,512,50,0.001,1000,12,True,COMPLETE
331,331,0.20703193545341492,2026-06-16 15:18:10.570102,2026-06-16 15:19:58.102326,0 days 00:01:47.532224,False,512,50,0.001,1000,12,True,COMPLETE
332,332,0.20755332708358765,2026-06-16 15:19:58.103462,2026-06-16 15:21:18.104849,0 days 00:01:20.001387,False,512,50,0.001,1000,8,True,COMPLETE
333,333,0.2069597691297531,2026-06-16 15:21:18.104849,2026-06-16 15:22:51.867330,0 days 00:01:33.762481,False,512,50,0.001,1000,10,True,COMPLETE
334,334,0.20935289561748505,2026-06-16 15:22:51.868424,2026-06-16 15:24:22.234228,0 days 00:01:30.365804,False,512,50,0.001,1000,12,False,COMPLETE
335,335,0.2075483500957489,2026-06-16 15:24:22.234228,2026-06-16 15:26:07.879539,0 days 00:01:45.645311,False,512,50,0.001,1000,12,True,COMPLETE
336,336,0.20706766843795776,2026-06-16 15:26:07.880631,2026-06-16 15:28:07.720597,0 days 00:01:59.839966,False,512,50,0.001,1000,14,True,COMPLETE
337,337,0.21354202926158905,2026-06-16 15:28:07.720597,2026-06-16 15:30:44.213847,0 days 00:02:36.493250,False,512,500,0.001,1000,4,True,COMPLETE
338,338,0.20769362151622772,2026-06-16 15:30:44.213847,2026-06-16 15:32:33.502053,0 days 00:01:49.288206,False,512,50,0.001,1000,12,True,COMPLETE
339,339,0.208872988820076,2026-06-16 15:32:33.503050,2026-06-16 15:33:38.761730,0 days 00:01:05.258680,False,512,50,0.001,500,12,True,COMPLETE
340,340,0.20621877908706665,2026-06-16 15:33:38.763099,2026-06-16 15:35:24.098841,0 days 00:01:45.335742,False,512,50,0.001,1000,12,True,COMPLETE
341,341,0.20709869265556335,2026-06-16 15:35:24.098841,2026-06-16 15:37:09.380072,0 days 00:01:45.281231,False,512,50,0.001,1000,12,True,COMPLETE
342,342,0.20769557356834412,2026-06-16 15:37:09.381168,2026-06-16 15:38:58.007532,0 days 00:01:48.626364,False,512,50,0.001,1000,12,True,COMPLETE
343,343,0.2193736881017685,2026-06-16 15:38:58.007532,2026-06-16 15:49:59.708666,0 days 00:11:01.701134,True,512,1000,0.001,1000,12,True,COMPLETE
344,344,0.20912732183933258,2026-06-16 15:49:59.708666,2026-06-16 15:50:30.319929,0 days 00:00:30.611263,False,512,50,0.001,50,14,True,COMPLETE
345,345,0.20751608908176422,2026-06-16 15:50:30.321022,2026-06-16 15:52:13.221899,0 days 00:01:42.900877,False,512,50,0.001,1000,12,True,COMPLETE
346,346,0.20649270713329315,2026-06-16 15:52:13.221899,2026-06-16 15:53:58.884951,0 days 00:01:45.663052,False,512,50,0.001,1000,12,True,COMPLETE
347,347,0.20770049095153809,2026-06-16 15:53:58.885948,2026-06-16 15:55:46.978511,0 days 00:01:48.092563,False,512,50,0.001,1000,12,True,COMPLETE
348,348,0.208876833319664,2026-06-16 15:55:46.978511,2026-06-16 15:56:31.344090,0 days 00:00:44.365579,False,512,50,0.001,250,12,True,COMPLETE
349,349,0.20945994555950165,2026-06-16 15:56:31.344090,2026-06-16 15:59:48.899062,0 days 00:03:17.554972,False,512,250,0.001,1000,12,True,COMPLETE
