,number,value,datetime_start,datetime_complete,duration,params_add_bn,params_batch_sizes,params_hidden_dim,params_learning_rates,params_noise_dim,params_num_layer,params_resblock,state
0,0,0.21278458833694458,2026-06-16 03:08:05.286434,2026-06-16 03:09:30.089688,0 days 00:01:24.803254,True,512,500,0.001,100,10,False,COMPLETE
1,1,0.21013222634792328,2026-06-16 03:09:30.090689,2026-06-16 03:09:53.968647,0 days 00:00:23.877958,True,512,50,0.001,50,14,True,COMPLETE
2,2,0.23982347548007965,2026-06-16 03:09:53.968647,2026-06-16 03:10:21.368566,0 days 00:00:27.399919,True,512,250,0.001,1000,2,False,COMPLETE
3,3,0.2669249475002289,2026-06-16 03:10:21.369564,2026-06-16 03:11:32.119756,0 days 00:01:10.750192,False,512,1000,0.001,500,2,False,COMPLETE
4,4,0.20919694006443024,2026-06-16 03:11:32.120259,2026-06-16 03:11:53.168133,0 days 00:00:21.047874,False,512,100,0.001,100,10,False,COMPLETE
5,5,0.24542948603630066,2026-06-16 03:11:53.168133,2026-06-16 03:12:25.889410,0 days 00:00:32.721277,True,512,100,0.001,250,2,True,COMPLETE
6,6,0.21087487041950226,2026-06-16 03:12:25.889410,2026-06-16 03:13:28.845929,0 days 00:01:02.956519,True,512,100,0.001,500,8,True,COMPLETE
7,7,0.2104799747467041,2026-06-16 03:13:28.845929,2026-06-16 03:21:42.428349,0 days 00:08:13.582420,True,512,1000,0.001,250,14,False,COMPLETE
8,8,0.21980777382850647,2026-06-16 03:21:42.429854,2026-06-16 03:24:18.445982,0 days 00:02:36.016128,False,512,500,0.001,100,8,True,COMPLETE
9,9,0.20778954029083252,2026-06-16 03:24:18.446998,2026-06-16 03:25:26.418190,0 days 00:01:07.971192,False,512,50,0.001,1000,6,True,COMPLETE
10,10,0.20786906778812408,2026-06-16 03:25:26.418190,2026-06-16 03:26:36.421738,0 days 00:01:10.003548,False,512,50,0.001,1000,6,True,COMPLETE
11,11,0.2073468267917633,2026-06-16 03:26:36.422240,2026-06-16 03:27:43.862618,0 days 00:01:07.440378,False,512,50,0.001,1000,6,True,COMPLETE
12,12,0.20825520157814026,2026-06-16 03:27:43.862618,2026-06-16 03:28:39.959282,0 days 00:00:56.096664,False,512,50,0.001,1000,6,True,COMPLETE
13,13,0.2093505859375,2026-06-16 03:28:39.959815,2026-06-16 03:29:20.170579,0 days 00:00:40.210764,False,512,50,0.001,1000,4,True,COMPLETE
14,14,0.20741108059883118,2026-06-16 03:29:20.171706,2026-06-16 03:30:49.880456,0 days 00:01:29.708750,False,512,50,0.001,1000,12,True,COMPLETE
15,15,0.2162342220544815,2026-06-16 03:30:49.880964,2026-06-16 03:32:21.897832,0 days 00:01:32.016868,False,512,250,0.001,50,12,True,COMPLETE
16,16,0.20717670023441315,2026-06-16 03:32:21.897832,2026-06-16 03:34:29.240285,0 days 00:02:07.342453,False,512,50,0.001,1000,12,True,COMPLETE
17,17,0.20676028728485107,2026-06-16 03:34:29.241306,2026-06-16 03:36:38.033771,0 days 00:02:08.792465,False,512,50,0.001,1000,12,True,COMPLETE
18,18,0.20707541704177856,2026-06-16 03:36:38.033771,2026-06-16 03:38:41.617971,0 days 00:02:03.584200,False,512,50,0.001,1000,12,True,COMPLETE
19,19,0.216685488820076,2026-06-16 03:38:41.617971,2026-06-16 03:42:31.709557,0 days 00:03:50.091586,False,512,500,0.001,250,12,True,COMPLETE
20,20,0.21566903591156006,2026-06-16 03:42:31.710568,2026-06-16 03:43:56.264767,0 days 00:01:24.554199,False,512,250,0.001,50,12,True,COMPLETE
21,21,0.20685285329818726,2026-06-16 03:43:56.265867,2026-06-16 03:45:51.763675,0 days 00:01:55.497808,False,512,50,0.001,1000,12,True,COMPLETE
22,22,0.2075640708208084,2026-06-16 03:45:51.764785,2026-06-16 03:47:54.182080,0 days 00:02:02.417295,False,512,50,0.001,1000,12,True,COMPLETE
23,23,0.20704568922519684,2026-06-16 03:47:54.183077,2026-06-16 03:49:59.792505,0 days 00:02:05.609428,False,512,50,0.001,1000,12,True,COMPLETE
24,24,0.21428562700748444,2026-06-16 03:49:59.792505,2026-06-16 03:55:18.606275,0 days 00:05:18.813770,False,512,1000,0.001,1000,4,True,COMPLETE
25,25,0.2078467309474945,2026-06-16 03:55:18.607285,2026-06-16 03:56:34.291086,0 days 00:01:15.683801,False,512,50,0.001,500,12,True,COMPLETE
26,26,0.20868661999702454,2026-06-16 03:56:34.292198,2026-06-16 03:58:08.809478,0 days 00:01:34.517280,False,512,50,0.001,1000,12,False,COMPLETE
27,27,0.20678743720054626,2026-06-16 03:58:08.810573,2026-06-16 04:00:03.551304,0 days 00:01:54.740731,False,512,50,0.001,1000,12,True,COMPLETE
28,28,0.2077135592699051,2026-06-16 04:00:03.551304,2026-06-16 04:01:57.288446,0 days 00:01:53.737142,False,512,50,0.001,1000,12,True,COMPLETE
29,29,0.2111397236585617,2026-06-16 04:01:57.288446,2026-06-16 04:04:02.531900,0 days 00:02:05.243454,True,512,500,0.001,100,10,False,COMPLETE
30,30,0.2110002040863037,2026-06-16 04:04:02.532897,2026-06-16 04:04:49.169375,0 days 00:00:46.636478,False,512,100,0.001,500,4,True,COMPLETE
31,31,0.2075977623462677,2026-06-16 04:04:49.169375,2026-06-16 04:06:56.158197,0 days 00:02:06.988822,False,512,50,0.001,1000,12,True,COMPLETE
32,32,0.20612099766731262,2026-06-16 04:06:56.158197,2026-06-16 04:09:13.424261,0 days 00:02:17.266064,False,512,50,0.001,1000,14,True,COMPLETE
33,33,0.20818758010864258,2026-06-16 04:09:13.425304,2026-06-16 04:09:43.349015,0 days 00:00:29.923711,False,512,50,0.001,50,14,True,COMPLETE
34,34,0.20932818949222565,2026-06-16 04:09:43.349520,2026-06-16 04:13:50.869595,0 days 00:04:07.520075,True,512,250,0.001,1000,14,True,COMPLETE
35,35,0.209614098072052,2026-06-16 04:13:50.870595,2026-06-16 04:24:33.020466,0 days 00:10:42.149871,False,512,1000,0.001,1000,14,False,COMPLETE
36,36,0.24376848340034485,2026-06-16 04:24:33.021638,2026-06-16 04:25:07.173431,0 days 00:00:34.151793,False,512,50,0.001,100,2,True,COMPLETE
37,37,0.20726311206817627,2026-06-16 04:25:07.173431,2026-06-16 04:25:46.884619,0 days 00:00:39.711188,True,512,50,0.001,250,10,False,COMPLETE
38,38,0.20877818763256073,2026-06-16 04:25:46.885625,2026-06-16 04:28:35.172241,0 days 00:02:48.286616,False,512,100,0.001,1000,14,True,COMPLETE
39,39,0.21459846198558807,2026-06-16 04:28:35.173236,2026-06-16 04:34:01.911019,0 days 00:05:26.737783,True,512,500,0.001,500,14,True,COMPLETE
40,40,0.20970435440540314,2026-06-16 04:34:01.912026,2026-06-16 04:40:12.364403,0 days 00:06:10.452377,False,512,1000,0.001,50,8,False,COMPLETE
41,41,0.20713160932064056,2026-06-16 04:40:12.365904,2026-06-16 04:44:50.476793,0 days 00:04:38.110889,False,512,50,0.001,1000,12,True,COMPLETE
42,42,0.20773999392986298,2026-06-16 04:44:50.478808,2026-06-16 04:49:32.313515,0 days 00:04:41.834707,False,512,50,0.001,1000,12,True,COMPLETE
43,43,0.2392188310623169,2026-06-16 04:49:32.314538,2026-06-16 04:51:32.414278,0 days 00:02:00.099740,False,512,50,0.001,1000,2,True,COMPLETE
44,44,0.20704230666160583,2026-06-16 04:51:32.414278,2026-06-16 04:54:52.400387,0 days 00:03:19.986109,False,512,50,0.001,1000,8,True,COMPLETE
45,45,0.2082555741071701,2026-06-16 04:54:52.401494,2026-06-16 04:58:14.756885,0 days 00:03:22.355391,False,512,50,0.001,1000,8,True,COMPLETE
46,46,0.20898178219795227,2026-06-16 04:58:14.758882,2026-06-16 04:59:42.434248,0 days 00:01:27.675366,False,512,50,0.001,250,8,True,COMPLETE
47,47,0.211548313498497,2026-06-16 04:59:42.435246,2026-06-16 05:00:53.713933,0 days 00:01:11.278687,True,512,50,0.001,100,8,True,COMPLETE
48,48,0.2072492092847824,2026-06-16 05:00:53.715967,2026-06-16 05:04:49.520815,0 days 00:03:55.804848,False,512,100,0.001,1000,8,True,COMPLETE
49,49,0.2094300389289856,2026-06-16 05:04:49.522807,2026-06-16 05:11:12.986349,0 days 00:06:23.463542,False,512,250,0.001,1000,10,True,COMPLETE
50,50,0.20827646553516388,2026-06-16 05:11:12.988004,2026-06-16 05:13:48.331791,0 days 00:02:35.343787,False,512,50,0.001,1000,6,True,COMPLETE
51,51,0.20691008865833282,2026-06-16 05:13:48.333775,2026-06-16 05:18:09.738502,0 days 00:04:21.404727,False,512,50,0.001,1000,12,True,COMPLETE
52,52,0.2075965404510498,2026-06-16 05:18:09.739517,2026-06-16 05:22:40.749186,0 days 00:04:31.009669,False,512,50,0.001,1000,12,True,COMPLETE
53,53,0.2080243080854416,2026-06-16 05:22:40.751180,2026-06-16 05:26:59.143324,0 days 00:04:18.392144,False,512,50,0.001,1000,12,True,COMPLETE
54,54,0.20790214836597443,2026-06-16 05:26:59.145824,2026-06-16 05:30:22.008626,0 days 00:03:22.862802,False,512,50,0.001,1000,14,True,COMPLETE
55,55,0.2063704878091812,2026-06-16 05:30:22.008626,2026-06-16 05:32:16.430597,0 days 00:01:54.421971,False,512,50,0.001,1000,12,True,COMPLETE
56,56,0.21034613251686096,2026-06-16 05:32:16.431612,2026-06-16 05:38:15.833193,0 days 00:05:59.401581,False,512,500,0.001,1000,12,True,COMPLETE
57,57,0.20769476890563965,2026-06-16 05:38:15.834189,2026-06-16 05:39:05.350447,0 days 00:00:49.516258,False,512,50,0.001,250,12,True,COMPLETE
58,58,0.2102605253458023,2026-06-16 05:39:05.350447,2026-06-16 05:46:59.660562,0 days 00:07:54.310115,False,512,1000,0.001,500,12,False,COMPLETE
59,59,0.20676051080226898,2026-06-16 05:46:59.661561,2026-06-16 05:48:52.859558,0 days 00:01:53.197997,False,512,50,0.001,1000,12,True,COMPLETE
60,60,0.23217898607254028,2026-06-16 05:48:52.859558,2026-06-16 05:49:57.220497,0 days 00:01:04.360939,True,512,250,0.001,50,4,True,COMPLETE
61,61,0.20731543004512787,2026-06-16 05:49:57.220497,2026-06-16 05:51:50.724922,0 days 00:01:53.504425,False,512,50,0.001,1000,12,True,COMPLETE
62,62,0.20740658044815063,2026-06-16 05:51:50.726435,2026-06-16 05:53:43.951336,0 days 00:01:53.224901,False,512,50,0.001,1000,12,True,COMPLETE
63,63,0.20755381882190704,2026-06-16 05:53:43.951336,2026-06-16 05:55:38.214482,0 days 00:01:54.263146,False,512,50,0.001,1000,12,True,COMPLETE
64,64,0.20688626170158386,2026-06-16 05:55:38.215479,2026-06-16 05:57:31.204903,0 days 00:01:52.989424,False,512,50,0.001,1000,12,True,COMPLETE
65,65,0.2075454294681549,2026-06-16 05:57:31.205899,2026-06-16 05:59:23.500293,0 days 00:01:52.294394,False,512,50,0.001,1000,12,True,COMPLETE
66,66,0.24467363953590393,2026-06-16 05:59:23.500293,2026-06-16 06:00:05.788813,0 days 00:00:42.288520,False,512,50,0.001,100,2,True,COMPLETE
67,67,0.20951107144355774,2026-06-16 06:00:05.788813,2026-06-16 06:01:29.043211,0 days 00:01:23.254398,False,512,100,0.001,1000,6,True,COMPLETE
68,68,0.20838840305805206,2026-06-16 06:01:29.043211,2026-06-16 06:03:22.190329,0 days 00:01:53.147118,False,512,50,0.001,1000,12,True,COMPLETE
69,69,0.208235964179039,2026-06-16 06:03:22.190329,2026-06-16 06:04:54.375557,0 days 00:01:32.185228,False,512,50,0.001,1000,12,False,COMPLETE
70,70,0.21225212514400482,2026-06-16 06:04:54.375557,2026-06-16 06:11:53.072661,0 days 00:06:58.697104,False,512,500,0.001,1000,14,True,COMPLETE
71,71,0.20713497698307037,2026-06-16 06:11:53.072661,2026-06-16 06:13:48.715889,0 days 00:01:55.643228,False,512,50,0.001,1000,12,True,COMPLETE
72,72,0.20706498622894287,2026-06-16 06:13:48.715889,2026-06-16 06:15:45.185145,0 days 00:01:56.469256,False,512,50,0.001,1000,12,True,COMPLETE
73,73,0.20798645913600922,2026-06-16 06:15:45.185145,2026-06-16 06:17:41.760925,0 days 00:01:56.575780,False,512,50,0.001,1000,12,True,COMPLETE
74,74,0.2063710242509842,2026-06-16 06:17:41.762014,2026-06-16 06:19:38.180948,0 days 00:01:56.418934,False,512,50,0.001,1000,12,True,COMPLETE
75,75,0.20766215026378632,2026-06-16 06:19:38.181964,2026-06-16 06:20:48.850101,0 days 00:01:10.668137,False,512,50,0.001,500,12,True,COMPLETE
76,76,0.2085123211145401,2026-06-16 06:20:48.851098,2026-06-16 06:21:40.572283,0 days 00:00:51.721185,False,512,50,0.001,1000,4,True,COMPLETE
77,77,0.24964967370033264,2026-06-16 06:21:40.572283,2026-06-16 06:28:14.777605,0 days 00:06:34.205322,True,512,1000,0.001,50,10,True,COMPLETE
78,78,0.2087515890598297,2026-06-16 06:28:14.777605,2026-06-16 06:29:04.535986,0 days 00:00:49.758381,False,512,50,0.001,250,12,True,COMPLETE
79,79,0.2105630785226822,2026-06-16 06:29:04.535986,2026-06-16 06:32:45.977782,0 days 00:03:41.441796,False,512,250,0.001,1000,12,True,COMPLETE
80,80,0.2085750550031662,2026-06-16 06:32:45.978847,2026-06-16 06:34:33.749902,0 days 00:01:47.771055,False,512,50,0.001,1000,14,False,COMPLETE
81,81,0.20665544271469116,2026-06-16 06:34:33.750899,2026-06-16 06:36:32.103153,0 days 00:01:58.352254,False,512,50,0.001,1000,12,True,COMPLETE
82,82,0.20702137053012848,2026-06-16 06:36:32.103153,2026-06-16 06:38:30.249593,0 days 00:01:58.146440,False,512,50,0.001,1000,12,True,COMPLETE
83,83,0.20725859701633453,2026-06-16 06:38:30.250595,2026-06-16 06:40:24.286763,0 days 00:01:54.036168,False,512,50,0.001,1000,12,True,COMPLETE
84,84,0.20694047212600708,2026-06-16 06:40:24.287760,2026-06-16 06:42:16.315266,0 days 00:01:52.027506,False,512,50,0.001,1000,12,True,COMPLETE
85,85,0.24601086974143982,2026-06-16 06:42:16.315266,2026-06-16 06:42:57.489878,0 days 00:00:41.174612,False,512,50,0.001,100,2,True,COMPLETE
86,86,0.2074039727449417,2026-06-16 06:42:57.489878,2026-06-16 06:44:51.671674,0 days 00:01:54.181796,False,512,50,0.001,1000,12,True,COMPLETE
87,87,0.20715230703353882,2026-06-16 06:44:51.673177,2026-06-16 06:46:50.775689,0 days 00:01:59.102512,False,512,50,0.001,1000,12,True,COMPLETE
88,88,0.21112078428268433,2026-06-16 06:46:50.776685,2026-06-16 06:48:18.365626,0 days 00:01:27.588941,True,512,100,0.001,1000,6,True,COMPLETE
89,89,0.20733608305454254,2026-06-16 06:48:18.365626,2026-06-16 06:50:11.509544,0 days 00:01:53.143918,False,512,50,0.001,1000,12,True,COMPLETE
90,90,0.21092940866947174,2026-06-16 06:50:11.510541,2026-06-16 06:57:13.390549,0 days 00:07:01.880008,False,512,500,0.001,1000,14,True,COMPLETE
91,91,0.2080536186695099,2026-06-16 06:57:13.391545,2026-06-16 06:59:11.097598,0 days 00:01:57.706053,False,512,50,0.001,1000,12,True,COMPLETE
92,92,0.20807303488254547,2026-06-16 06:59:11.098601,2026-06-16 07:01:08.802493,0 days 00:01:57.703892,False,512,50,0.001,1000,12,True,COMPLETE
93,93,0.20753630995750427,2026-06-16 07:01:08.803490,2026-06-16 07:03:01.393152,0 days 00:01:52.589662,False,512,50,0.001,1000,12,True,COMPLETE
94,94,0.20673498511314392,2026-06-16 07:03:01.393656,2026-06-16 07:04:53.201836,0 days 00:01:51.808180,False,512,50,0.001,1000,12,True,COMPLETE
95,95,0.20753078162670135,2026-06-16 07:04:53.201836,2026-06-16 07:06:04.343553,0 days 00:01:11.141717,False,512,50,0.001,500,12,True,COMPLETE
96,96,0.207750141620636,2026-06-16 07:06:04.344081,2026-06-16 07:07:42.428375,0 days 00:01:38.084294,False,512,50,0.001,1000,10,True,COMPLETE
97,97,0.21647509932518005,2026-06-16 07:07:42.429372,2026-06-16 07:14:41.381396,0 days 00:06:58.952024,False,512,1000,0.001,250,12,True,COMPLETE
98,98,0.21267938613891602,2026-06-16 07:14:41.381396,2026-06-16 07:14:53.867956,0 days 00:00:12.486560,False,512,50,0.001,50,4,False,COMPLETE
99,99,0.20736554265022278,2026-06-16 07:14:53.869375,2026-06-16 07:16:26.938182,0 days 00:01:33.068807,False,512,50,0.001,1000,12,True,COMPLETE
100,100,0.20923203229904175,2026-06-16 07:16:26.939179,2026-06-16 07:19:39.882034,0 days 00:03:12.942855,False,512,250,0.001,1000,12,True,COMPLETE
101,101,0.2068999856710434,2026-06-16 07:19:39.882034,2026-06-16 07:21:35.199648,0 days 00:01:55.317614,False,512,50,0.001,1000,12,True,COMPLETE
102,102,0.20724351704120636,2026-06-16 07:21:35.199648,2026-06-16 07:24:01.591650,0 days 00:02:26.392002,False,512,50,0.001,1000,12,True,COMPLETE
103,103,0.20680512487888336,2026-06-16 07:24:01.592659,2026-06-16 07:26:22.052962,0 days 00:02:20.460303,False,512,50,0.001,1000,12,True,COMPLETE
104,104,0.20783622562885284,2026-06-16 07:26:22.053963,2026-06-16 07:28:02.638798,0 days 00:01:40.584835,False,512,50,0.001,1000,12,True,COMPLETE
105,105,0.20720283687114716,2026-06-16 07:28:02.639830,2026-06-16 07:29:56.843394,0 days 00:01:54.203564,False,512,50,0.001,1000,14,True,COMPLETE
106,106,0.20875979959964752,2026-06-16 07:29:56.844391,2026-06-16 07:30:27.818471,0 days 00:00:30.974080,False,512,50,0.001,100,12,True,COMPLETE
107,107,0.2389267385005951,2026-06-16 07:30:27.819882,2026-06-16 07:31:25.246888,0 days 00:00:57.427006,True,512,100,0.001,1000,2,True,COMPLETE
108,108,0.20788109302520752,2026-06-16 07:31:25.247893,2026-06-16 07:33:04.871199,0 days 00:01:39.623306,False,512,50,0.001,1000,12,True,COMPLETE
109,109,0.20785878598690033,2026-06-16 07:33:04.871199,2026-06-16 07:34:08.041329,0 days 00:01:03.170130,False,512,50,0.001,1000,6,True,COMPLETE
110,110,0.20779162645339966,2026-06-16 07:34:08.041329,2026-06-16 07:35:51.651775,0 days 00:01:43.610446,False,512,50,0.001,1000,12,True,COMPLETE
111,111,0.20730701088905334,2026-06-16 07:35:51.652829,2026-06-16 07:37:34.236198,0 days 00:01:42.583369,False,512,50,0.001,1000,12,True,COMPLETE
112,112,0.20743931829929352,2026-06-16 07:37:34.237299,2026-06-16 07:39:18.434015,0 days 00:01:44.196716,False,512,50,0.001,1000,12,True,COMPLETE
113,113,0.20745941996574402,2026-06-16 07:39:18.435010,2026-06-16 07:41:00.597760,0 days 00:01:42.162750,False,512,50,0.001,1000,12,True,COMPLETE
114,114,0.20749671757221222,2026-06-16 07:41:00.597760,2026-06-16 07:42:45.013887,0 days 00:01:44.416127,False,512,50,0.001,1000,12,True,COMPLETE
115,115,0.20759989321231842,2026-06-16 07:42:45.013887,2026-06-16 07:44:27.392571,0 days 00:01:42.378684,False,512,50,0.001,1000,12,True,COMPLETE
116,116,0.2117486447095871,2026-06-16 07:44:27.393567,2026-06-16 07:49:55.820284,0 days 00:05:28.426717,False,512,500,0.001,1000,12,True,COMPLETE
117,117,0.20834437012672424,2026-06-16 07:49:55.821281,2026-06-16 07:50:55.001321,0 days 00:00:59.180040,False,512,50,0.001,500,14,False,COMPLETE
118,118,0.2068025767803192,2026-06-16 07:50:55.002411,2026-06-16 07:52:39.983694,0 days 00:01:44.981283,False,512,50,0.001,1000,12,True,COMPLETE
119,119,0.21140658855438232,2026-06-16 07:52:39.983694,2026-06-16 08:02:05.010907,0 days 00:09:25.027213,False,512,1000,0.001,1000,10,True,COMPLETE
120,120,0.20933650434017181,2026-06-16 08:02:05.010907,2026-06-16 08:02:31.571049,0 days 00:00:26.560142,False,512,50,0.001,50,12,True,COMPLETE
121,121,0.20733065903186798,2026-06-16 08:02:31.572046,2026-06-16 08:04:18.274147,0 days 00:01:46.702101,False,512,50,0.001,1000,12,True,COMPLETE
122,122,0.20725852251052856,2026-06-16 08:04:18.275160,2026-06-16 08:06:05.096592,0 days 00:01:46.821432,False,512,50,0.001,1000,12,True,COMPLETE
123,123,0.20793211460113525,2026-06-16 08:06:05.096592,2026-06-16 08:07:49.388279,0 days 00:01:44.291687,False,512,50,0.001,1000,12,True,COMPLETE
124,124,0.20711180567741394,2026-06-16 08:07:49.388279,2026-06-16 08:09:35.957768,0 days 00:01:46.569489,False,512,50,0.001,1000,12,True,COMPLETE
125,125,0.20732244849205017,2026-06-16 08:09:35.958765,2026-06-16 08:11:23.072635,0 days 00:01:47.113870,False,512,50,0.001,1000,12,True,COMPLETE
126,126,0.21084406971931458,2026-06-16 08:11:23.072635,2026-06-16 08:11:59.579366,0 days 00:00:36.506731,True,512,50,0.001,250,8,True,COMPLETE
127,127,0.2128700613975525,2026-06-16 08:11:59.580369,2026-06-16 08:13:32.396492,0 days 00:01:32.816123,False,512,250,0.001,1000,4,True,COMPLETE
128,128,0.2071060687303543,2026-06-16 08:13:32.396492,2026-06-16 08:15:13.523427,0 days 00:01:41.126935,False,512,50,0.001,1000,12,True,COMPLETE
129,129,0.2078273445367813,2026-06-16 08:15:13.524420,2026-06-16 08:16:56.692204,0 days 00:01:43.167784,False,512,50,0.001,1000,12,True,COMPLETE
130,130,0.20794211328029633,2026-06-16 08:16:56.692204,2026-06-16 08:17:28.625328,0 days 00:00:31.933124,False,512,50,0.001,100,14,True,COMPLETE
131,131,0.20815061032772064,2026-06-16 08:17:28.625328,2026-06-16 08:19:11.020317,0 days 00:01:42.394989,False,512,50,0.001,1000,12,True,COMPLETE
132,132,0.20760154724121094,2026-06-16 08:19:11.021442,2026-06-16 08:20:51.020130,0 days 00:01:39.998688,False,512,50,0.001,1000,12,True,COMPLETE
133,133,0.20766961574554443,2026-06-16 08:20:51.020130,2026-06-16 08:22:31.459713,0 days 00:01:40.439583,False,512,50,0.001,1000,12,True,COMPLETE
134,134,0.20790433883666992,2026-06-16 08:22:31.460736,2026-06-16 08:24:12.858893,0 days 00:01:41.398157,False,512,50,0.001,1000,12,True,COMPLETE
135,135,0.20772697031497955,2026-06-16 08:24:12.858893,2026-06-16 08:26:14.057047,0 days 00:02:01.198154,False,512,100,0.001,1000,12,True,COMPLETE
136,136,0.20651879906654358,2026-06-16 08:26:14.057047,2026-06-16 08:27:57.074487,0 days 00:01:43.017440,False,512,50,0.001,1000,12,True,COMPLETE
137,137,0.24295610189437866,2026-06-16 08:27:57.075561,2026-06-16 08:28:16.162405,0 days 00:00:19.086844,False,512,50,0.001,1000,2,False,COMPLETE
138,138,0.20779068768024445,2026-06-16 08:28:16.162405,2026-06-16 08:29:58.558144,0 days 00:01:42.395739,False,512,50,0.001,1000,12,True,COMPLETE
139,139,0.20735284686088562,2026-06-16 08:29:58.559170,2026-06-16 08:31:41.383855,0 days 00:01:42.824685,False,512,50,0.001,1000,12,True,COMPLETE
140,140,0.21313950419425964,2026-06-16 08:31:41.384853,2026-06-16 08:35:06.599362,0 days 00:03:25.214509,False,512,500,0.001,1000,6,True,COMPLETE
141,141,0.20744317770004272,2026-06-16 08:35:06.600701,2026-06-16 08:36:52.163724,0 days 00:01:45.563023,False,512,50,0.001,1000,12,True,COMPLETE
142,142,0.20772603154182434,2026-06-16 08:36:52.163724,2026-06-16 08:38:35.961976,0 days 00:01:43.798252,False,512,50,0.001,1000,12,True,COMPLETE
143,143,0.20735959708690643,2026-06-16 08:38:35.961976,2026-06-16 08:40:18.882597,0 days 00:01:42.920621,False,512,50,0.001,1000,12,True,COMPLETE
144,144,0.2072623372077942,2026-06-16 08:40:18.883685,2026-06-16 08:42:03.156458,0 days 00:01:44.272773,False,512,50,0.001,1000,12,True,COMPLETE
145,145,0.2069188803434372,2026-06-16 08:42:03.157554,2026-06-16 08:43:46.650387,0 days 00:01:43.492833,False,512,50,0.001,1000,12,True,COMPLETE
146,146,0.20699337124824524,2026-06-16 08:43:46.651555,2026-06-16 08:45:29.564483,0 days 00:01:42.912928,False,512,50,0.001,1000,12,True,COMPLETE
147,147,0.2081158608198166,2026-06-16 08:45:29.565478,2026-06-16 08:46:33.601866,0 days 00:01:04.036388,False,512,50,0.001,500,12,True,COMPLETE
148,148,0.21818964183330536,2026-06-16 08:46:33.602887,2026-06-16 08:59:27.755777,0 days 00:12:54.152890,True,512,1000,0.001,1000,14,True,COMPLETE
149,149,0.20726390182971954,2026-06-16 08:59:27.755777,2026-06-16 09:00:11.765061,0 days 00:00:44.009284,False,512,50,0.001,250,12,True,COMPLETE
