,number,value,datetime_start,datetime_complete,duration,params_add_bn,params_hidden_dim,params_noise_dim,params_num_layer,params_resblock,state
0,0,0.040393196046352386,2026-06-13 05:58:19.265202,2026-06-13 05:58:29.020278,0 days 00:00:09.755076,False,50,100,4,False,COMPLETE
1,1,0.04733874648809433,2026-06-13 05:58:29.021274,2026-06-13 05:58:36.869676,0 days 00:00:07.848402,True,100,100,2,False,COMPLETE
2,2,0.037249594926834106,2026-06-13 05:58:36.870786,2026-06-13 05:59:26.885960,0 days 00:00:50.015174,True,500,250,8,False,COMPLETE
3,3,0.03693905472755432,2026-06-13 05:59:26.885960,2026-06-13 05:59:43.292012,0 days 00:00:16.406052,True,100,250,8,False,COMPLETE
4,4,0.04682385176420212,2026-06-13 05:59:43.292012,2026-06-13 05:59:57.300144,0 days 00:00:14.008132,True,250,100,2,True,COMPLETE
5,5,0.03791596740484238,2026-06-13 05:59:57.300144,2026-06-13 06:00:39.999477,0 days 00:00:42.699333,False,500,100,8,False,COMPLETE
6,6,0.03785160183906555,2026-06-13 06:00:40.000481,2026-06-13 06:01:00.550277,0 days 00:00:20.549796,False,250,50,8,False,COMPLETE
7,7,0.04085613042116165,2026-06-13 06:01:00.550277,2026-06-13 06:01:36.631203,0 days 00:00:36.080926,False,250,250,8,True,COMPLETE
8,8,0.03740628808736801,2026-06-13 06:01:36.632200,2026-06-13 06:02:10.514662,0 days 00:00:33.882462,True,250,100,8,False,COMPLETE
9,9,0.041791945695877075,2026-06-13 06:02:10.515659,2026-06-13 06:03:24.166058,0 days 00:01:13.650399,True,250,250,4,True,COMPLETE
10,10,0.039541445672512054,2026-06-13 06:03:24.167561,2026-06-13 06:04:32.068013,0 days 00:01:07.900452,True,100,500,6,True,COMPLETE
11,11,0.038571760058403015,2026-06-13 06:04:32.069028,2026-06-13 06:06:59.015062,0 days 00:02:26.946034,True,500,250,8,False,COMPLETE
12,12,0.038186781108379364,2026-06-13 06:06:59.016063,2026-06-13 06:07:40.916582,0 days 00:00:41.900519,True,100,250,6,False,COMPLETE
13,13,0.037211328744888306,2026-06-13 06:07:40.917579,2026-06-13 06:10:08.910664,0 days 00:02:27.993085,True,500,250,8,False,COMPLETE
14,14,0.03731730952858925,2026-06-13 06:10:08.911661,2026-06-13 06:10:37.284948,0 days 00:00:28.373287,True,50,50,8,False,COMPLETE
15,15,0.0367986299097538,2026-06-13 06:10:37.285945,2026-06-13 06:11:40.263959,0 days 00:01:02.978014,True,100,500,8,False,COMPLETE
16,16,0.04633224010467529,2026-06-13 06:11:40.264961,2026-06-13 06:12:03.401108,0 days 00:00:23.136147,True,100,500,2,False,COMPLETE
17,17,0.03657960891723633,2026-06-13 06:12:03.402612,2026-06-13 06:12:54.056664,0 days 00:00:50.654052,True,100,500,6,False,COMPLETE
18,18,0.03999195247888565,2026-06-13 06:12:54.058167,2026-06-13 06:13:56.087141,0 days 00:01:02.028974,False,100,500,6,True,COMPLETE
19,19,0.037537213414907455,2026-06-13 06:13:56.089264,2026-06-13 06:14:18.425245,0 days 00:00:22.335981,True,100,500,6,False,COMPLETE
20,20,0.037493154406547546,2026-06-13 06:14:18.426755,2026-06-13 06:14:53.682116,0 days 00:00:35.255361,True,100,500,6,False,COMPLETE
21,21,0.03757242113351822,2026-06-13 06:14:53.683139,2026-06-13 06:15:07.116774,0 days 00:00:13.433635,True,100,500,4,False,COMPLETE
22,22,0.03719277307391167,2026-06-13 06:15:07.117788,2026-06-13 06:15:26.050939,0 days 00:00:18.933151,True,100,500,6,False,COMPLETE
23,23,0.03628184646368027,2026-06-13 06:15:26.052540,2026-06-13 06:16:30.556384,0 days 00:01:04.503844,True,100,500,8,False,COMPLETE
24,24,0.035197120159864426,2026-06-13 06:16:30.557399,2026-06-13 06:17:31.768645,0 days 00:01:01.211246,True,100,500,8,False,COMPLETE
25,25,0.03659561276435852,2026-06-13 06:17:31.769674,2026-06-13 06:18:13.912515,0 days 00:00:42.142841,True,50,500,6,False,COMPLETE
26,26,0.04605169966816902,2026-06-13 06:18:13.913544,2026-06-13 06:18:42.488073,0 days 00:00:28.574529,False,100,500,2,True,COMPLETE
27,27,0.03930767998099327,2026-06-13 06:18:42.489069,2026-06-13 06:19:05.763402,0 days 00:00:23.274333,True,100,50,4,False,COMPLETE
28,28,0.03635656461119652,2026-06-13 06:19:05.764012,2026-06-13 06:20:08.389925,0 days 00:01:02.625913,True,100,500,8,False,COMPLETE
29,29,0.03588724508881569,2026-06-13 06:20:08.390939,2026-06-13 06:20:54.038564,0 days 00:00:45.647625,False,50,500,8,False,COMPLETE
30,30,0.03715068846940994,2026-06-13 06:20:54.039068,2026-06-13 06:21:42.069159,0 days 00:00:48.030091,False,50,500,8,False,COMPLETE
31,31,0.037392303347587585,2026-06-13 06:21:42.070197,2026-06-13 06:22:29.058790,0 days 00:00:46.988593,False,50,500,8,False,COMPLETE
32,32,0.03693699836730957,2026-06-13 06:22:29.059804,2026-06-13 06:23:16.359118,0 days 00:00:47.299314,False,50,500,8,False,COMPLETE
33,33,0.03756313771009445,2026-06-13 06:23:16.361129,2026-06-13 06:24:03.754020,0 days 00:00:47.392891,False,50,500,8,False,COMPLETE
34,34,0.03744957968592644,2026-06-13 06:24:03.754020,2026-06-13 06:24:52.674327,0 days 00:00:48.920307,False,50,500,8,False,COMPLETE
35,35,0.03749559819698334,2026-06-13 06:24:52.675965,2026-06-13 06:25:55.851787,0 days 00:01:03.175822,True,100,500,8,False,COMPLETE
36,36,0.03806328773498535,2026-06-13 06:25:55.852790,2026-06-13 06:28:02.966044,0 days 00:02:07.113254,True,500,100,8,False,COMPLETE
37,37,0.038784995675086975,2026-06-13 06:28:02.967044,2026-06-13 06:28:30.959260,0 days 00:00:27.992216,False,100,50,8,False,COMPLETE
38,38,0.043090205639600754,2026-06-13 06:28:30.959260,2026-06-13 06:28:56.390645,0 days 00:00:25.431385,True,50,500,2,True,COMPLETE
39,39,0.03820420429110527,2026-06-13 06:28:56.391689,2026-06-13 06:29:27.548088,0 days 00:00:31.156399,False,100,100,8,False,COMPLETE
40,40,0.03925969451665878,2026-06-13 06:29:27.549118,2026-06-13 06:30:02.655244,0 days 00:00:35.106126,True,250,500,4,False,COMPLETE
41,41,0.03695842996239662,2026-06-13 06:30:02.655244,2026-06-13 06:30:32.835665,0 days 00:00:30.180421,True,100,500,8,False,COMPLETE
42,42,0.0361509844660759,2026-06-13 06:30:32.836662,2026-06-13 06:31:01.748539,0 days 00:00:28.911877,True,100,500,8,False,COMPLETE
43,43,0.03635893017053604,2026-06-13 06:31:01.749542,2026-06-13 06:31:32.344635,0 days 00:00:30.595093,True,100,500,8,False,COMPLETE
44,44,0.03611418232321739,2026-06-13 06:31:32.344635,2026-06-13 06:32:03.293706,0 days 00:00:30.949071,True,100,500,8,False,COMPLETE
45,45,0.04943317919969559,2026-06-13 06:32:03.294704,2026-06-13 06:33:26.901486,0 days 00:01:23.606782,True,500,100,8,True,COMPLETE
46,46,0.038264915347099304,2026-06-13 06:33:26.902484,2026-06-13 06:33:53.730770,0 days 00:00:26.828286,True,250,50,8,False,COMPLETE
47,47,0.03600376844406128,2026-06-13 06:33:53.731774,2026-06-13 06:34:24.540173,0 days 00:00:30.808399,True,100,500,8,False,COMPLETE
48,48,0.03723301738500595,2026-06-13 06:34:24.540674,2026-06-13 06:34:44.515812,0 days 00:00:19.975138,False,100,250,8,False,COMPLETE
49,49,0.048722170293331146,2026-06-13 06:34:44.517175,2026-06-13 06:34:56.059307,0 days 00:00:11.542132,True,100,500,2,False,COMPLETE
50,50,0.04383794963359833,2026-06-13 06:34:56.060295,2026-06-13 06:36:43.656202,0 days 00:01:47.595907,True,500,500,8,True,COMPLETE
51,51,0.03564449027180672,2026-06-13 06:36:43.657312,2026-06-13 06:37:14.815822,0 days 00:00:31.158510,True,100,500,8,False,COMPLETE
52,52,0.03674571216106415,2026-06-13 06:37:14.816982,2026-06-13 06:37:45.933886,0 days 00:00:31.116904,True,100,500,8,False,COMPLETE
53,53,0.0356428436934948,2026-06-13 06:37:45.933886,2026-06-13 06:38:16.415165,0 days 00:00:30.481279,True,100,500,8,False,COMPLETE
54,54,0.03603176027536392,2026-06-13 06:38:16.416161,2026-06-13 06:38:46.052097,0 days 00:00:29.635936,True,100,500,8,False,COMPLETE
55,55,0.037667084485292435,2026-06-13 06:38:46.052603,2026-06-13 06:39:09.430547,0 days 00:00:23.377944,True,100,250,8,False,COMPLETE
56,56,0.03937940299510956,2026-06-13 06:39:09.432049,2026-06-13 06:39:37.366717,0 days 00:00:27.934668,True,250,500,4,False,COMPLETE
57,57,0.036309681832790375,2026-06-13 06:39:37.367713,2026-06-13 06:39:59.864733,0 days 00:00:22.497020,True,100,500,8,False,COMPLETE
58,58,0.03722325712442398,2026-06-13 06:39:59.865729,2026-06-13 06:40:15.401772,0 days 00:00:15.536043,True,50,100,8,False,COMPLETE
59,59,0.03620966523885727,2026-06-13 06:40:15.401772,2026-06-13 06:40:43.514085,0 days 00:00:28.112313,False,100,500,8,False,COMPLETE
60,60,0.04634269326925278,2026-06-13 06:40:43.515081,2026-06-13 06:40:55.077547,0 days 00:00:11.562466,True,100,50,2,True,COMPLETE
61,61,0.035925865173339844,2026-06-13 06:40:55.078555,2026-06-13 06:41:25.249753,0 days 00:00:30.171198,True,100,500,8,False,COMPLETE
62,62,0.03607871010899544,2026-06-13 06:41:25.249753,2026-06-13 06:41:55.528047,0 days 00:00:30.278294,True,100,500,8,False,COMPLETE
63,63,0.03569210320711136,2026-06-13 06:41:55.528047,2026-06-13 06:42:25.831825,0 days 00:00:30.303778,True,100,500,8,False,COMPLETE
64,64,0.036489374935626984,2026-06-13 06:42:25.832331,2026-06-13 06:42:57.817588,0 days 00:00:31.985257,True,100,500,8,False,COMPLETE
65,65,0.03602622449398041,2026-06-13 06:42:57.817588,2026-06-13 06:43:28.710512,0 days 00:00:30.892924,True,100,500,8,False,COMPLETE
66,66,0.036673035472631454,2026-06-13 06:43:28.710512,2026-06-13 06:43:58.434984,0 days 00:00:29.724472,True,100,500,8,False,COMPLETE
67,67,0.03767169639468193,2026-06-13 06:43:58.434984,2026-06-13 06:44:14.040320,0 days 00:00:15.605336,True,50,500,4,False,COMPLETE
68,68,0.03726319223642349,2026-06-13 06:44:14.040320,2026-06-13 06:44:35.095002,0 days 00:00:21.054682,False,100,250,8,False,COMPLETE
69,69,0.03751138970255852,2026-06-13 06:44:35.096095,2026-06-13 06:45:56.510269,0 days 00:01:21.414174,True,500,500,8,False,COMPLETE
70,70,0.03702261298894882,2026-06-13 06:45:56.512013,2026-06-13 06:46:26.912731,0 days 00:00:30.400718,True,100,500,8,False,COMPLETE
71,71,0.03583197295665741,2026-06-13 06:46:26.912731,2026-06-13 06:46:57.451771,0 days 00:00:30.539040,True,100,500,8,False,COMPLETE
72,72,0.03601169213652611,2026-06-13 06:46:57.451771,2026-06-13 06:47:28.455085,0 days 00:00:31.003314,True,100,500,8,False,COMPLETE
73,73,0.03628719598054886,2026-06-13 06:47:28.456082,2026-06-13 06:47:59.430682,0 days 00:00:30.974600,True,100,500,8,False,COMPLETE
74,74,0.03691307455301285,2026-06-13 06:47:59.431684,2026-06-13 06:48:24.450176,0 days 00:00:25.018492,True,100,500,6,False,COMPLETE
75,75,0.035891130566596985,2026-06-13 06:48:24.451703,2026-06-13 06:48:51.472693,0 days 00:00:27.020990,True,50,500,8,False,COMPLETE
76,76,0.03712456300854683,2026-06-13 06:48:51.473702,2026-06-13 06:49:15.737283,0 days 00:00:24.263581,False,50,500,8,False,COMPLETE
77,77,0.03601158410310745,2026-06-13 06:49:15.738279,2026-06-13 06:49:42.444027,0 days 00:00:26.705748,True,50,500,8,False,COMPLETE
78,78,0.04377096891403198,2026-06-13 06:49:42.445138,2026-06-13 06:49:51.903063,0 days 00:00:09.457925,True,50,50,2,True,COMPLETE
79,79,0.036256302148103714,2026-06-13 06:49:51.903063,2026-06-13 06:50:18.712516,0 days 00:00:26.809453,True,50,500,8,False,COMPLETE
80,80,0.038198117166757584,2026-06-13 06:50:18.712516,2026-06-13 06:50:45.738094,0 days 00:00:27.025578,False,250,100,8,False,COMPLETE
81,81,0.03686327114701271,2026-06-13 06:50:45.739685,2026-06-13 06:51:15.497383,0 days 00:00:29.757698,True,100,500,8,False,COMPLETE
82,82,0.03602341562509537,2026-06-13 06:51:15.498379,2026-06-13 06:51:40.087969,0 days 00:00:24.589590,True,50,500,8,False,COMPLETE
83,83,0.036496445536613464,2026-06-13 06:51:40.087969,2026-06-13 06:52:10.149902,0 days 00:00:30.061933,True,100,500,8,False,COMPLETE
84,84,0.03621014952659607,2026-06-13 06:52:10.150901,2026-06-13 06:52:41.467865,0 days 00:00:31.316964,True,100,500,8,False,COMPLETE
85,85,0.03622356057167053,2026-06-13 06:52:41.467865,2026-06-13 06:53:08.267442,0 days 00:00:26.799577,True,50,500,8,False,COMPLETE
86,86,0.036807455122470856,2026-06-13 06:53:08.268502,2026-06-13 06:53:33.032455,0 days 00:00:24.763953,True,100,500,6,False,COMPLETE
87,87,0.03829614818096161,2026-06-13 06:53:33.033452,2026-06-13 06:53:51.287248,0 days 00:00:18.253796,True,100,500,4,False,COMPLETE
88,88,0.0365057997405529,2026-06-13 06:53:51.288245,2026-06-13 06:54:13.529875,0 days 00:00:22.241630,True,100,250,8,False,COMPLETE
89,89,0.03651514649391174,2026-06-13 06:54:13.529875,2026-06-13 06:55:30.746716,0 days 00:01:17.216841,False,500,500,8,False,COMPLETE
90,90,0.03986822068691254,2026-06-13 06:55:30.746716,2026-06-13 06:56:02.763757,0 days 00:00:32.017041,True,50,500,8,True,COMPLETE
91,91,0.036072686314582825,2026-06-13 06:56:02.764754,2026-06-13 06:56:27.102666,0 days 00:00:24.337912,True,50,500,8,False,COMPLETE
92,92,0.03620053082704544,2026-06-13 06:56:27.102666,2026-06-13 06:56:51.586151,0 days 00:00:24.483485,True,50,500,8,False,COMPLETE
93,93,0.03613457828760147,2026-06-13 06:56:51.586151,2026-06-13 06:57:16.549110,0 days 00:00:24.962959,True,50,500,8,False,COMPLETE
94,94,0.0361444465816021,2026-06-13 06:57:16.549110,2026-06-13 06:57:41.788098,0 days 00:00:25.238988,True,50,500,8,False,COMPLETE
95,95,0.03630824759602547,2026-06-13 06:57:41.788098,2026-06-13 06:58:27.825103,0 days 00:00:46.037005,True,250,500,8,False,COMPLETE
96,96,0.03670383244752884,2026-06-13 06:58:27.825103,2026-06-13 06:58:56.544380,0 days 00:00:28.719277,True,100,500,8,False,COMPLETE
97,97,0.03660724312067032,2026-06-13 06:58:56.545392,2026-06-13 06:59:10.046420,0 days 00:00:13.501028,True,50,50,8,False,COMPLETE
98,98,0.04789050668478012,2026-06-13 06:59:10.047433,2026-06-13 06:59:22.115044,0 days 00:00:12.067611,True,100,500,2,False,COMPLETE
99,99,0.03828961402177811,2026-06-13 06:59:22.116041,2026-06-13 06:59:37.935143,0 days 00:00:15.819102,False,100,100,8,False,COMPLETE
100,100,0.03690052032470703,2026-06-13 06:59:37.936139,2026-06-13 07:00:07.026757,0 days 00:00:29.090618,True,100,500,8,False,COMPLETE
101,101,0.03554166108369827,2026-06-13 07:00:07.027754,2026-06-13 07:00:37.166104,0 days 00:00:30.138350,True,100,500,8,False,COMPLETE
102,102,0.03618413954973221,2026-06-13 07:00:37.167100,2026-06-13 07:01:07.374897,0 days 00:00:30.207797,True,100,500,8,False,COMPLETE
103,103,0.03559661656618118,2026-06-13 07:01:07.374897,2026-06-13 07:01:36.792384,0 days 00:00:29.417487,True,100,500,8,False,COMPLETE
104,104,0.03625355660915375,2026-06-13 07:01:36.793422,2026-06-13 07:02:05.973363,0 days 00:00:29.179941,True,100,500,8,False,COMPLETE
105,105,0.03604753315448761,2026-06-13 07:02:05.974360,2026-06-13 07:02:37.025654,0 days 00:00:31.051294,True,100,500,8,False,COMPLETE
106,106,0.03804779797792435,2026-06-13 07:02:37.026651,2026-06-13 07:02:55.526616,0 days 00:00:18.499965,True,100,500,4,False,COMPLETE
107,107,0.03625897318124771,2026-06-13 07:02:55.527612,2026-06-13 07:03:25.194574,0 days 00:00:29.666962,True,100,500,8,False,COMPLETE
108,108,0.040951259434223175,2026-06-13 07:03:25.194574,2026-06-13 07:03:50.296121,0 days 00:00:25.101547,True,100,250,6,True,COMPLETE
109,109,0.03686733543872833,2026-06-13 07:03:50.296121,2026-06-13 07:04:17.215984,0 days 00:00:26.919863,False,100,500,8,False,COMPLETE
110,110,0.0364699624478817,2026-06-13 07:04:17.215984,2026-06-13 07:04:47.407683,0 days 00:00:30.191699,True,100,500,8,False,COMPLETE
111,111,0.03585081547498703,2026-06-13 07:04:47.408680,2026-06-13 07:05:11.199816,0 days 00:00:23.791136,True,50,500,8,False,COMPLETE
112,112,0.03552665561437607,2026-06-13 07:05:11.199816,2026-06-13 07:05:41.168631,0 days 00:00:29.968815,True,100,500,8,False,COMPLETE
113,113,0.036268800497055054,2026-06-13 07:05:41.168631,2026-06-13 07:06:10.970790,0 days 00:00:29.802159,True,100,500,8,False,COMPLETE
114,114,0.036007948219776154,2026-06-13 07:06:10.972057,2026-06-13 07:07:30.963756,0 days 00:01:19.991699,True,500,500,8,False,COMPLETE
115,115,0.03542209044098854,2026-06-13 07:07:30.964753,2026-06-13 07:07:57.927217,0 days 00:00:26.962464,True,100,500,8,False,COMPLETE
116,116,0.03529675304889679,2026-06-13 07:07:57.928214,2026-06-13 07:08:23.243112,0 days 00:00:25.314898,True,50,500,8,False,COMPLETE
117,117,0.03655290603637695,2026-06-13 07:08:23.244213,2026-06-13 07:08:53.081235,0 days 00:00:29.837022,True,100,500,8,False,COMPLETE
118,118,0.03628644719719887,2026-06-13 07:08:53.081235,2026-06-13 07:09:39.046830,0 days 00:00:45.965595,True,250,500,8,False,COMPLETE
119,119,0.0385320708155632,2026-06-13 07:09:39.046830,2026-06-13 07:09:54.261170,0 days 00:00:15.214340,True,100,50,8,False,COMPLETE
120,120,0.04955388605594635,2026-06-13 07:09:54.261170,2026-06-13 07:10:05.430867,0 days 00:00:11.169697,False,100,500,2,False,COMPLETE
121,121,0.03621198236942291,2026-06-13 07:10:05.431863,2026-06-13 07:10:31.711866,0 days 00:00:26.280003,True,50,500,8,False,COMPLETE
122,122,0.0366019681096077,2026-06-13 07:10:31.711866,2026-06-13 07:10:56.629338,0 days 00:00:24.917472,True,50,500,8,False,COMPLETE
123,123,0.03634808585047722,2026-06-13 07:10:56.630336,2026-06-13 07:11:20.883376,0 days 00:00:24.253040,True,50,500,8,False,COMPLETE
124,124,0.035845622420310974,2026-06-13 07:11:20.883376,2026-06-13 07:11:46.074958,0 days 00:00:25.191582,True,50,500,8,False,COMPLETE
125,125,0.036167945712804794,2026-06-13 07:11:46.075970,2026-06-13 07:12:11.499526,0 days 00:00:25.423556,True,50,500,8,False,COMPLETE
126,126,0.03647184371948242,2026-06-13 07:12:11.499526,2026-06-13 07:12:26.364965,0 days 00:00:14.865439,True,50,100,8,False,COMPLETE
127,127,0.036134012043476105,2026-06-13 07:12:26.364965,2026-06-13 07:12:59.046108,0 days 00:00:32.681143,True,100,500,8,False,COMPLETE
